<?xml version="1.0" encoding="UTF-8"?>
<testng-results skipped="0" failed="0" ignored="0" total="1" passed="1">
  <reporter-output>
  </reporter-output>
  <suite name="Default suite" duration-ms="3287" started-at="2020-05-16T19:41:01 IST" finished-at="2020-05-16T19:41:05 IST">
    <groups>
    </groups>
    <test name="Default test" duration-ms="3287" started-at="2020-05-16T19:41:01 IST" finished-at="2020-05-16T19:41:05 IST">
      <class name="AddPlace.StaticJson">
        <test-method status="PASS" signature="addBook()[pri:0, instance:AddPlace.StaticJson@6895a785]" name="addBook" duration-ms="3243" started-at="2020-05-16T19:41:01 IST" finished-at="2020-05-16T19:41:05 IST">
          <reporter-output>
          </reporter-output>
        </test-method> <!-- addBook -->
      </class> <!-- AddPlace.StaticJson -->
    </test> <!-- Default test -->
  </suite> <!-- Default suite -->
</testng-results>
